This is pdfTeX, Version 3.1415926-2.5-1.40.14 (TeX Live 2013) (format=pdflatex 2014.3.19)  8 MAY 2015 14:54
entering extended mode
 \write18 enabled.
 file:line:error style messages enabled.
 %&-line parsing enabled.
**"/Users/Moss/Dropbox/Math 3041/Group Project 1/Latex Project Set/TSWLatexianTemp_000892.tex"
(/Users/Moss/Dropbox/Math 3041/Group Project 1/Latex Project Set/TSWLatexianTemp_000892.tex
LaTeX2e <2011/06/27>
Babel <3.9f> and hyphenation patterns for 78 languages loaded.
(/usr/local/texlive/2013/texmf-dist/tex/latex/base/article.cls
Document Class: article 2007/10/19 v1.4h Standard LaTeX document class
(/usr/local/texlive/2013/texmf-dist/tex/latex/base/size10.clo
File: size10.clo 2007/10/19 v1.4h Standard LaTeX file (size option)
)
\c@part=\count79
\c@section=\count80
\c@subsection=\count81
\c@subsubsection=\count82
\c@paragraph=\count83
\c@subparagraph=\count84
\c@figure=\count85
\c@table=\count86
\abovecaptionskip=\skip41
\belowcaptionskip=\skip42
\bibindent=\dimen102
) (/usr/local/texlive/2013/texmf-dist/tex/latex/amsmath/amsmath.sty
Package: amsmath 2013/01/14 v2.14 AMS math features
\@mathmargin=\skip43

For additional information on amsmath, use the `?' option.
(/usr/local/texlive/2013/texmf-dist/tex/latex/amsmath/amstext.sty
Package: amstext 2000/06/29 v2.01
 (/usr/local/texlive/2013/texmf-dist/tex/latex/amsmath/amsgen.sty
File: amsgen.sty 1999/11/30 v2.0
\@emptytoks=\toks14
\ex@=\dimen103
)) (/usr/local/texlive/2013/texmf-dist/tex/latex/amsmath/amsbsy.sty
Package: amsbsy 1999/11/29 v1.2d
\pmbraise@=\dimen104
) (/usr/local/texlive/2013/texmf-dist/tex/latex/amsmath/amsopn.sty
Package: amsopn 1999/12/14 v2.01 operator names
)
\inf@bad=\count87
LaTeX Info: Redefining \frac on input line 210.
\uproot@=\count88
\leftroot@=\count89
LaTeX Info: Redefining \overline on input line 306.
\classnum@=\count90
\DOTSCASE@=\count91
LaTeX Info: Redefining \ldots on input line 378.
LaTeX Info: Redefining \dots on input line 381.
LaTeX Info: Redefining \cdots on input line 466.
\Mathstrutbox@=\box26
\strutbox@=\box27
\big@size=\dimen105
LaTeX Font Info:    Redeclaring font encoding OML on input line 566.
LaTeX Font Info:    Redeclaring font encoding OMS on input line 567.
\macc@depth=\count92
\c@MaxMatrixCols=\count93
\dotsspace@=\muskip10
\c@parentequation=\count94
\dspbrk@lvl=\count95
\tag@help=\toks15
\row@=\count96
\column@=\count97
\maxfields@=\count98
\andhelp@=\toks16
\eqnshift@=\dimen106
\alignsep@=\dimen107
\tagshift@=\dimen108
\tagwidth@=\dimen109
\totwidth@=\dimen110
\lineht@=\dimen111
\@envbody=\toks17
\multlinegap=\skip44
\multlinetaggap=\skip45
\mathdisplay@stack=\toks18
LaTeX Info: Redefining \[ on input line 2665.
LaTeX Info: Redefining \] on input line 2666.
) (/usr/local/texlive/2013/texmf-dist/tex/latex/amsfonts/amsfonts.sty
Package: amsfonts 2013/01/14 v3.01 Basic AMSFonts support
\symAMSa=\mathgroup4
\symAMSb=\mathgroup5
LaTeX Font Info:    Overwriting math alphabet `\mathfrak' in version `bold'
(Font)                  U/euf/m/n --> U/euf/b/n on input line 106.
) (/usr/local/texlive/2013/texmf-dist/tex/latex/amsfonts/amssymb.sty
Package: amssymb 2013/01/14 v3.01 AMS font symbols
) (/usr/local/texlive/2013/texmf-dist/tex/latex/fancyhdr/fancyhdr.sty
\fancy@headwidth=\skip46
\f@ncyO@elh=\skip47
\f@ncyO@erh=\skip48
\f@ncyO@olh=\skip49
\f@ncyO@orh=\skip50
\f@ncyO@elf=\skip51
\f@ncyO@erf=\skip52
\f@ncyO@olf=\skip53
\f@ncyO@orf=\skip54
) (/usr/local/texlive/2013/texmf-dist/tex/latex/tools/enumerate.sty
Package: enumerate 1999/03/05 v3.00 enumerate extensions (DPC)
\@enLab=\toks19
) (/usr/local/texlive/2013/texmf-dist/tex/latex/graphics/graphicx.sty
Package: graphicx 1999/02/16 v1.0f Enhanced LaTeX Graphics (DPC,SPQR)
 (/usr/local/texlive/2013/texmf-dist/tex/latex/graphics/keyval.sty
Package: keyval 1999/03/16 v1.13 key=value parser (DPC)
\KV@toks@=\toks20
) (/usr/local/texlive/2013/texmf-dist/tex/latex/graphics/graphics.sty
Package: graphics 2009/02/05 v1.0o Standard LaTeX Graphics (DPC,SPQR)
 (/usr/local/texlive/2013/texmf-dist/tex/latex/graphics/trig.sty
Package: trig 1999/03/16 v1.09 sin cos tan (DPC)
) (/usr/local/texlive/2013/texmf-dist/tex/latex/latexconfig/graphics.cfg
File: graphics.cfg 2010/04/23 v1.9 graphics configuration of TeX Live
)
Package graphics Info: Driver file: pdftex.def on input line 91.
 (/usr/local/texlive/2013/texmf-dist/tex/latex/pdftex-def/pdftex.def
File: pdftex.def 2011/05/27 v0.06d Graphics/color for pdfTeX
 (/usr/local/texlive/2013/texmf-dist/tex/generic/oberdiek/infwarerr.sty
Package: infwarerr 2010/04/08 v1.3 Providing info/warning/error messages (HO)
) (/usr/local/texlive/2013/texmf-dist/tex/generic/oberdiek/ltxcmds.sty
Package: ltxcmds 2011/11/09 v1.22 LaTeX kernel commands for general use (HO)
)
\Gread@gobject=\count99
))
\Gin@req@height=\dimen112
\Gin@req@width=\dimen113
) (/usr/local/texlive/2013/texmf-dist/tex/latex/footmisc/footmisc.sty
Package: footmisc 2011/06/06 v5.5b a miscellany of footnote facilities
\FN@temptoken=\toks21
\footnotemargin=\dimen114


LaTeX Warning: Command \@makecol  has changed.
               Check if current package is valid.

\c@pp@next@reset=\count100
Package footmisc Info: Declaring symbol style bringhurst on input line 855.
Package footmisc Info: Declaring symbol style chicago on input line 863.
Package footmisc Info: Declaring symbol style wiley on input line 872.
Package footmisc Info: Declaring symbol style lamport-robust on input line 883.
Package footmisc Info: Declaring symbol style lamport* on input line 903.
Package footmisc Info: Declaring symbol style lamport*-robust on input line 924.
) (/usr/local/texlive/2013/texmf-dist/tex/latex/setspace/setspace.sty
Package: setspace 2011/12/19 v6.7a set line spacing
) (/usr/local/texlive/2013/texmf-dist/tex/latex/cite/cite.sty
LaTeX Info: Redefining \cite on input line 302.
LaTeX Info: Redefining \nocite on input line 373.
Package: cite 2010/09/10  v 5.3
) (./TSWLatexianTemp_000892.aux)
\openout1 = `TSWLatexianTemp_000892.aux'.

LaTeX Font Info:    Checking defaults for OML/cmm/m/it on input line 16.
LaTeX Font Info:    ... okay on input line 16.
LaTeX Font Info:    Checking defaults for T1/cmr/m/n on input line 16.
LaTeX Font Info:    ... okay on input line 16.
LaTeX Font Info:    Checking defaults for OT1/cmr/m/n on input line 16.
LaTeX Font Info:    ... okay on input line 16.
LaTeX Font Info:    Checking defaults for OMS/cmsy/m/n on input line 16.
LaTeX Font Info:    ... okay on input line 16.
LaTeX Font Info:    Checking defaults for OMX/cmex/m/n on input line 16.
LaTeX Font Info:    ... okay on input line 16.
LaTeX Font Info:    Checking defaults for U/cmr/m/n on input line 16.
LaTeX Font Info:    ... okay on input line 16.
 (/usr/local/texlive/2013/texmf-dist/tex/context/base/supp-pdf.mkii
[Loading MPS to PDF converter (version 2006.09.02).]
\scratchcounter=\count101
\scratchdimen=\dimen115
\scratchbox=\box28
\nofMPsegments=\count102
\nofMParguments=\count103
\everyMPshowfont=\toks22
\MPscratchCnt=\count104
\MPscratchDim=\dimen116
\MPnumerator=\count105
\makeMPintoPDFobject=\count106
\everyMPtoPDFconversion=\toks23
) (/usr/local/texlive/2013/texmf-dist/tex/generic/oberdiek/pdftexcmds.sty
Package: pdftexcmds 2011/11/29 v0.20 Utility functions of pdfTeX for LuaTeX (HO)
 (/usr/local/texlive/2013/texmf-dist/tex/generic/oberdiek/ifluatex.sty
Package: ifluatex 2010/03/01 v1.3 Provides the ifluatex switch (HO)
Package ifluatex Info: LuaTeX not detected.
) (/usr/local/texlive/2013/texmf-dist/tex/generic/oberdiek/ifpdf.sty
Package: ifpdf 2011/01/30 v2.3 Provides the ifpdf switch (HO)
Package ifpdf Info: pdfTeX in PDF mode is detected.
)
Package pdftexcmds Info: LuaTeX not detected.
Package pdftexcmds Info: \pdf@primitive is available.
Package pdftexcmds Info: \pdf@ifprimitive is available.
Package pdftexcmds Info: \pdfdraftmode found.
) (/usr/local/texlive/2013/texmf-dist/tex/latex/oberdiek/epstopdf-base.sty
Package: epstopdf-base 2010/02/09 v2.5 Base part for package epstopdf
 (/usr/local/texlive/2013/texmf-dist/tex/latex/oberdiek/grfext.sty
Package: grfext 2010/08/19 v1.1 Manage graphics extensions (HO)
 (/usr/local/texlive/2013/texmf-dist/tex/generic/oberdiek/kvdefinekeys.sty
Package: kvdefinekeys 2011/04/07 v1.3 Define keys (HO)
)) (/usr/local/texlive/2013/texmf-dist/tex/latex/oberdiek/kvoptions.sty
Package: kvoptions 2011/06/30 v3.11 Key value format for package options (HO)
 (/usr/local/texlive/2013/texmf-dist/tex/generic/oberdiek/kvsetkeys.sty
Package: kvsetkeys 2012/04/25 v1.16 Key value parser (HO)
 (/usr/local/texlive/2013/texmf-dist/tex/generic/oberdiek/etexcmds.sty
Package: etexcmds 2011/02/16 v1.5 Avoid name clashes with e-TeX commands (HO)
Package etexcmds Info: Could not find \expanded.
(etexcmds)             That can mean that you are not using pdfTeX 1.50 or
(etexcmds)             that some package has redefined \expanded.
(etexcmds)             In the latter case, load this package earlier.
)))
Package grfext Info: Graphics extension search list:
(grfext)             [.png,.pdf,.jpg,.mps,.jpeg,.jbig2,.jb2,.PNG,.PDF,.JPG,.JPEG,.JBIG2,.JB2,.eps]
(grfext)             \AppendGraphicsExtensions on input line 452.
 (/usr/local/texlive/2013/texmf-dist/tex/latex/latexconfig/epstopdf-sys.cfg
File: epstopdf-sys.cfg 2010/07/13 v1.3 Configuration of (r)epstopdf for TeX Live
))

LaTeX Warning: Citation `R' on page 1 undefined on input line 19.


LaTeX Warning: Citation `deSolve' on page 1 undefined on input line 19.


LaTeX Warning: Citation `phaseR' on page 1 undefined on input line 19.


LaTeX Warning: Citation `ggplot' on page 1 undefined on input line 19.


LaTeX Warning: Citation `standardNotation' on page 1 undefined on input line 19.

<./figures/singlePositive.png, id=1, 1304.875pt x 804.00375pt>
File: ./figures/singlePositive.png Graphic file (type png)
 <use ./figures/singlePositive.png>
Package pdftex.def Info: ./figures/singlePositive.png used on input line 26.
(pdftex.def)             Requested size: 281.68513pt x 173.55672pt.
 <./figures/singleNegative.png, id=3, 1304.875pt x 804.00375pt>
File: ./figures/singleNegative.png Graphic file (type png)
 <use ./figures/singleNegative.png>
Package pdftex.def Info: ./figures/singleNegative.png used on input line 33.
(pdftex.def)             Requested size: 281.68513pt x 173.55672pt.


LaTeX Warning: `h' float specifier changed to `ht'.


LaTeX Warning: Citation `slides' on page 1 undefined on input line 39.

LaTeX Font Info:    Try loading font information for U+msa on input line 44.
(/usr/local/texlive/2013/texmf-dist/tex/latex/amsfonts/umsa.fd
File: umsa.fd 2013/01/14 v3.01 AMS symbols A
)
LaTeX Font Info:    Try loading font information for U+msb on input line 44.
 (/usr/local/texlive/2013/texmf-dist/tex/latex/amsfonts/umsb.fd
File: umsb.fd 2013/01/14 v3.01 AMS symbols B
) [1{/usr/local/texlive/2013/texmf-var/fonts/map/pdftex/updmap/pdftex.map}

 <./figures/singlePositive.png>] <./figures/stabilitySinglePositive.jpeg, id=15, 803.0pt x 602.25pt>
File: ./figures/stabilitySinglePositive.jpeg Graphic file (type jpg)
 <use ./figures/stabilitySinglePositive.jpeg>
Package pdftex.def Info: ./figures/stabilitySinglePositive.jpeg used on input line 61.
(pdftex.def)             Requested size: 281.68513pt x 211.26851pt.


LaTeX Warning: `h' float specifier changed to `ht'.

<./figures/singlePositiveHill.jpeg, id=16, 806.01125pt x 613.29124pt>
File: ./figures/singlePositiveHill.jpeg Graphic file (type jpg)
 <use ./figures/singlePositiveHill.jpeg>
Package pdftex.def Info: ./figures/singlePositiveHill.jpeg used on input line 69.
(pdftex.def)             Requested size: 281.68513pt x 214.3276pt.


LaTeX Warning: `h' float specifier changed to `ht'.

[2 <./figures/singleNegative.png>] <./figures/stabilitySingleNegative.jpeg, id=25, 803.0pt x 602.25pt>
File: ./figures/stabilitySingleNegative.jpeg Graphic file (type jpg)
 <use ./figures/stabilitySingleNegative.jpeg>
Package pdftex.def Info: ./figures/stabilitySingleNegative.jpeg used on input line 82.
(pdftex.def)             Requested size: 281.68513pt x 211.26851pt.


LaTeX Warning: `h' float specifier changed to `ht'.

[3 <./figures/stabilitySinglePositive.jpeg>]

LaTeX Warning: Citation `multiGene' on page 4 undefined on input line 90.

<./figures/doublePositive.png, id=30, 844.15375pt x 626.34pt>
File: ./figures/doublePositive.png Graphic file (type png)
 <use ./figures/doublePositive.png>
Package pdftex.def Info: ./figures/doublePositive.png used on input line 94.
(pdftex.def)             Requested size: 281.68513pt x 209.00566pt.


LaTeX Warning: `h' float specifier changed to `ht'.

<./figures/doubleNegative.png, id=31, 844.15375pt x 636.3775pt>
File: ./figures/doubleNegative.png Graphic file (type png)
 <use ./figures/doubleNegative.png>
Package pdftex.def Info: ./figures/doubleNegative.png used on input line 101.
(pdftex.def)             Requested size: 281.68513pt x 212.35512pt.


LaTeX Warning: `h' float specifier changed to `ht'.

[4 <./figures/singlePositiveHill.jpeg>] <./figures/stabilityDoublePositive.jpeg, id=35, 898.35625pt x 613.29124pt>
File: ./figures/stabilityDoublePositive.jpeg Graphic file (type jpg)
 <use ./figures/stabilityDoublePositive.jpeg>
Package pdftex.def Info: ./figures/stabilityDoublePositive.jpeg used on input line 124.
(pdftex.def)             Requested size: 281.68513pt x 192.29874pt.


LaTeX Warning: `h' float specifier changed to `ht'.

[5 <./figures/stabilitySingleNegative.jpeg>] <./figures/stabilityDoubleNegative.jpeg, id=39, 898.35625pt x 613.29124pt>
File: ./figures/stabilityDoubleNegative.jpeg Graphic file (type jpg)
 <use ./figures/stabilityDoubleNegative.jpeg>
Package pdftex.def Info: ./figures/stabilityDoubleNegative.jpeg used on input line 134.
(pdftex.def)             Requested size: 281.68513pt x 192.29874pt.


LaTeX Warning: `h' float specifier changed to `ht'.

<./figures/simDoublePos.jpeg, id=40, 746.79pt x 613.29124pt>
File: ./figures/simDoublePos.jpeg Graphic file (type jpg)
 <use ./figures/simDoublePos.jpeg>
Package pdftex.def Info: ./figures/simDoublePos.jpeg used on input line 142.
(pdftex.def)             Requested size: 281.68513pt x 231.3312pt.


LaTeX Warning: `h' float specifier changed to `ht'.

(./TSWLatexianTemp_000892.bbl [6 <./figures/doublePositive.png>]) [7 <./figures/doubleNegative.png>] [8 <./figures/stabilityDoublePositive.jpeg> <./figures/stabilityDoubleNegative.jpeg>] [9 <./figures/simDoublePos.jpeg>] (./TSWLatexianTemp_000892.aux)

LaTeX Warning: There were undefined references.


LaTeX Warning: Label(s) may have changed. Rerun to get cross-references right.

 ) 
Here is how much of TeX's memory you used:
 2810 strings out of 493315
 38779 string characters out of 6137904
 98313 words of memory out of 5000000
 6208 multiletter control sequences out of 15000+600000
 7556 words of font info for 29 fonts, out of 8000000 for 9000
 957 hyphenation exceptions out of 8191
 38i,13n,43p,1143b,326s stack positions out of 5000i,500n,10000p,200000b,80000s
</usr/local/texlive/2013/texmf-dist/fonts/type1/public/amsfonts/cm/cmbx10.pfb></usr/local/texlive/2013/texmf-dist/fonts/type1/public/amsfonts/cm/cmbx12.pfb></usr/local/texlive/2013/texmf-dist/fonts/type1/public/amsfonts/cm/cmmi10.pfb></usr/local/texlive/2013/texmf-dist/fonts/type1/public/amsfonts/cm/cmmi5.pfb></usr/local/texlive/2013/texmf-dist/fonts/type1/public/amsfonts/cm/cmmi7.pfb></usr/local/texlive/2013/texmf-dist/fonts/type1/public/amsfonts/cm/cmr10.pfb></usr/local/texlive/2013/texmf-dist/fonts/type1/public/amsfonts/cm/cmr7.pfb></usr/local/texlive/2013/texmf-dist/fonts/type1/public/amsfonts/cm/cmsl10.pfb></usr/local/texlive/2013/texmf-dist/fonts/type1/public/amsfonts/cm/cmsy10.pfb></usr/local/texlive/2013/texmf-dist/fonts/type1/public/amsfonts/cm/cmti10.pfb>
Output written on TSWLatexianTemp_000892.pdf (9 pages, 830308 bytes).
PDF statistics:
 89 PDF objects out of 1000 (max. 8388607)
 53 compressed objects within 1 object stream
 0 named destinations out of 1000 (max. 500000)
 51 words of extra memory for PDF output out of 10000 (max. 10000000)

